<?xml version="1.0" encoding="UTF-8"?><testsuite errors="0" failures="1" name="Academy choucair" skipped="0" tests="1" time="37.92" timestamp="2021-01-17 08:22:00"><testcase name="buscar un curso de automatizacion"><failure message="Expected enabled element was not enabled" type="net.thucydides.core.webdriver.exceptions.ElementShouldBeEnabledException">Expected enabled element was not enabled</failure><system-err>Expected enabled element was not enabled&#13;
co.com.choucair.certification.tasks.Search.performAs(Search.java:24)&#13;
co.com.choucair.stepdefinitions.stepdefinitions.el_busque_el_curso_en_la_plataforma_choucair_Choucair_Academy(stepdefinitions.java:31)&#13;
cucumber.runner.Runner.runPickle(Runner.java:80)&#13;
</system-err></testcase></testsuite>